# JRE version: Java(TM) SE Runtime Environment (8.0_191-b12) (build 1.8.0_191-b12)
# Java VM: Java HotSpot(TM) 64-Bit Server VM (25.191-b12 mixed mode windows-amd64 compressed oops)
Heap:
 PSYoungGen      total 220160K, used 24813K [0x000000076b780000, 0x000000077dc80000, 0x00000007c0000000)
  eden space 203264K, 12% used [0x000000076b780000,0x000000076cfbb790,0x0000000777e00000)
  from space 16896K, 0% used [0x0000000777e00000,0x0000000777e00000,0x0000000778e80000)
  to   space 17408K, 0% used [0x000000077cb80000,0x000000077cb80000,0x000000077dc80000)
 ParOldGen       total 166912K, used 122082K [0x00000006c2600000, 0x00000006cc900000, 0x000000076b780000)
  object space 166912K, 73% used [0x00000006c2600000,0x00000006c9d389b8,0x00000006cc900000)
 Metaspace       used 56665K, capacity 59570K, committed 59736K, reserved 1101824K
  class space    used 7579K, capacity 8275K, committed 8320K, reserved 1048576K
GC Heap History (10 events):
Event: 2.764 GC heap before
{Heap before GC invocations=8 (full 2):
 PSYoungGen      total 157696K, used 11730K [0x000000076b780000, 0x0000000778700000, 0x00000007c0000000)
  eden space 145920K, 0% used [0x000000076b780000,0x000000076b780000,0x0000000774600000)
  from space 11776K, 99% used [0x0000000775300000,0x0000000775e74b88,0x0000000775e80000)
  to   space 13312K, 0% used [0x0000000774600000,0x0000000774600000,0x0000000775300000)
 ParOldGen       total 105472K, used 9308K [0x00000006c2600000, 0x00000006c8d00000, 0x000000076b780000)
  object space 105472K, 8% used [0x00000006c2600000,0x00000006c2f17260,0x00000006c8d00000)
 Metaspace       used 33986K, capacity 35304K, committed 35456K, reserved 1079296K
  class space    used 4380K, capacity 4636K, committed 4736K, reserved 1048576K
Event: 2.798 GC heap after
Heap after GC invocations=8 (full 2):
 PSYoungGen      total 157696K, used 0K [0x000000076b780000, 0x0000000778700000, 0x00000007c0000000)
  eden space 145920K, 0% used [0x000000076b780000,0x000000076b780000,0x0000000774600000)
  from space 11776K, 0% used [0x0000000775300000,0x0000000775300000,0x0000000775e80000)
  to   space 13312K, 0% used [0x0000000774600000,0x0000000774600000,0x0000000775300000)
 ParOldGen       total 166912K, used 16484K [0x00000006c2600000, 0x00000006cc900000, 0x000000076b780000)
  object space 166912K, 9% used [0x00000006c2600000,0x00000006c3619088,0x00000006cc900000)
 Metaspace       used 33986K, capacity 35304K, committed 35456K, reserved 1079296K
  class space    used 4380K, capacity 4636K, committed 4736K, reserved 1048576K
}
Event: 4.128 GC heap before
{Heap before GC invocations=9 (full 2):
 PSYoungGen      total 157696K, used 145920K [0x000000076b780000, 0x0000000778700000, 0x00000007c0000000)
  eden space 145920K, 100% used [0x000000076b780000,0x0000000774600000,0x0000000774600000)
  from space 11776K, 0% used [0x0000000775300000,0x0000000775300000,0x0000000775e80000)
  to   space 13312K, 0% used [0x0000000774600000,0x0000000774600000,0x0000000775300000)
 ParOldGen       total 166912K, used 16484K [0x00000006c2600000, 0x00000006cc900000, 0x000000076b780000)
  object space 166912K, 9% used [0x00000006c2600000,0x00000006c3619088,0x00000006cc900000)
 Metaspace       used 47049K, capacity 49110K, committed 49280K, reserved 1091584K
  class space    used 6132K, capacity 6671K, committed 6784K, reserved 1048576K
Event: 4.136 GC heap after
Heap after GC invocations=9 (full 2):
 PSYoungGen      total 159232K, used 13296K [0x000000076b780000, 0x0000000779e80000, 0x00000007c0000000)
  eden space 145920K, 0% used [0x000000076b780000,0x000000076b780000,0x0000000774600000)
  from space 13312K, 99% used [0x0000000774600000,0x00000007752fc1a0,0x0000000775300000)
  to   space 15872K, 0% used [0x0000000778f00000,0x0000000778f00000,0x0000000779e80000)
 ParOldGen       total 166912K, used 18311K [0x00000006c2600000, 0x00000006cc900000, 0x000000076b780000)
  object space 166912K, 10% used [0x00000006c2600000,0x00000006c37e1ec8,0x00000006cc900000)
 Metaspace       used 47049K, capacity 49110K, committed 49280K, reserved 1091584K
  class space    used 6132K, capacity 6671K, committed 6784K, reserved 1048576K
}
Event: 9.024 GC heap before
{Heap before GC invocations=10 (full 2):
 PSYoungGen      total 159232K, used 158179K [0x000000076b780000, 0x0000000779e80000, 0x00000007c0000000)
  eden space 145920K, 99% used [0x000000076b780000,0x00000007744fccf8,0x0000000774600000)
  from space 13312K, 99% used [0x0000000774600000,0x00000007752fc1a0,0x0000000775300000)
  to   space 15872K, 0% used [0x0000000778f00000,0x0000000778f00000,0x0000000779e80000)
 ParOldGen       total 166912K, used 18311K [0x00000006c2600000, 0x00000006cc900000, 0x000000076b780000)
  object space 166912K, 10% used [0x00000006c2600000,0x00000006c37e1ec8,0x00000006cc900000)
 Metaspace       used 53724K, capacity 56254K, committed 56448K, reserved 1097728K
  class space    used 7131K, capacity 7757K, committed 7808K, reserved 1048576K
Event: 9.072 GC heap after
Heap after GC invocations=10 (full 2):
 PSYoungGen      total 219136K, used 13112K [0x000000076b780000, 0x0000000779f00000, 0x00000007c0000000)
  eden space 203264K, 0% used [0x000000076b780000,0x000000076b780000,0x0000000777e00000)
  from space 15872K, 82% used [0x0000000778f00000,0x0000000779bce078,0x0000000779e80000)
  to   space 16896K, 0% used [0x0000000777e00000,0x0000000777e00000,0x0000000778e80000)
 ParOldGen       total 166912K, used 83855K [0x00000006c2600000, 0x00000006cc900000, 0x000000076b780000)
  object space 166912K, 50% used [0x00000006c2600000,0x00000006c77e3f08,0x00000006cc900000)
 Metaspace       used 53724K, capacity 56254K, committed 56448K, reserved 1097728K
  class space    used 7131K, capacity 7757K, committed 7808K, reserved 1048576K
}
Event: 9.478 GC heap before
{Heap before GC invocations=11 (full 2):
 PSYoungGen      total 219136K, used 168290K [0x000000076b780000, 0x0000000779f00000, 0x00000007c0000000)
  eden space 203264K, 76% used [0x000000076b780000,0x0000000774f0a7b0,0x0000000777e00000)
  from space 15872K, 82% used [0x0000000778f00000,0x0000000779bce078,0x0000000779e80000)
  to   space 16896K, 0% used [0x0000000777e00000,0x0000000777e00000,0x0000000778e80000)
 ParOldGen       total 166912K, used 83855K [0x00000006c2600000, 0x00000006cc900000, 0x000000076b780000)
  object space 166912K, 50% used [0x00000006c2600000,0x00000006c77e3f08,0x00000006cc900000)
 Metaspace       used 56185K, capacity 59022K, committed 59096K, reserved 1099776K
  class space    used 7476K, capacity 8161K, committed 8192K, reserved 1048576K
Event: 9.495 GC heap after
Heap after GC invocations=11 (full 2):
 PSYoungGen      total 220160K, used 12648K [0x000000076b780000, 0x000000077dc80000, 0x00000007c0000000)
  eden space 203264K, 0% used [0x000000076b780000,0x000000076b780000,0x0000000777e00000)
  from space 16896K, 74% used [0x0000000777e00000,0x0000000778a5a318,0x0000000778e80000)
  to   space 17408K, 0% used [0x000000077cb80000,0x000000077cb80000,0x000000077dc80000)
 ParOldGen       total 166912K, used 116631K [0x00000006c2600000, 0x00000006cc900000, 0x000000076b780000)
  object space 166912K, 69% used [0x00000006c2600000,0x00000006c97e5f28,0x00000006cc900000)
 Metaspace       used 56185K, capacity 59022K, committed 59096K, reserved 1099776K
  class space    used 7476K, capacity 8161K, committed 8192K, reserved 1048576K
}
Event: 9.495 GC heap before
{Heap before GC invocations=12 (full 3):
 PSYoungGen      total 220160K, used 12648K [0x000000076b780000, 0x000000077dc80000, 0x00000007c0000000)
  eden space 203264K, 0% used [0x000000076b780000,0x000000076b780000,0x0000000777e00000)
  from space 16896K, 74% used [0x0000000777e00000,0x0000000778a5a318,0x0000000778e80000)
  to   space 17408K, 0% used [0x000000077cb80000,0x000000077cb80000,0x000000077dc80000)
 ParOldGen       total 166912K, used 116631K [0x00000006c2600000, 0x00000006cc900000, 0x000000076b780000)
  object space 166912K, 69% used [0x00000006c2600000,0x00000006c97e5f28,0x00000006cc900000)
 Metaspace       used 56185K, capacity 59022K, committed 59096K, reserved 1099776K
  class space    used 7476K, capacity 8161K, committed 8192K, reserved 1048576K
Event: 9.603 GC heap after
Heap after GC invocations=12 (full 3):
 PSYoungGen      total 220160K, used 0K [0x000000076b780000, 0x000000077dc80000, 0x00000007c0000000)
  eden space 203264K, 0% used [0x000000076b780000,0x000000076b780000,0x0000000777e00000)
  from space 16896K, 0% used [0x0000000777e00000,0x0000000777e00000,0x0000000778e80000)
  to   space 17408K, 0% used [0x000000077cb80000,0x000000077cb80000,0x000000077dc80000)
 ParOldGen       total 166912K, used 122082K [0x00000006c2600000, 0x00000006cc900000, 0x000000076b780000)
  object space 166912K, 73% used [0x00000006c2600000,0x00000006c9d389b8,0x00000006cc900000)
 Metaspace       used 56185K, capacity 59022K, committed 59096K, reserved 1099776K
  class space    used 7476K, capacity 8161K, committed 8192K, reserved 1048576K
}

